<?xml version="1.0" encoding="UTF-8"?>
<!-- Generated by org.testng.reporters.JUnitXMLReporter -->
<testsuite ignored="0" hostname="AR-NB-496" failures="0" tests="12" name="Test Curso Automatización" time="120.426" errors="0" timestamp="13 jul. 2023 22:58:13 GMT">
  <testcase classname="tests.Tests" name="CP001_Recarga" time="5.201"/>
  <testcase classname="tests.Tests" name="CP002_RecargaConLineaInvalida" time="4.574"/>
  <testcase classname="tests.Tests" name="CP003_RecuperarPassword" time="12.837"/>
  <testcase classname="tests.Tests" name="CP004_RecuperarEmail" time="7.87"/>
  <testcase classname="tests.Tests" name="CP005_IniciarSesionCorreoNoRegistrado" time="6.413"/>
  <testcase classname="tests.Tests" name="CP006_TiendaOnlineSeleccionDeProducto" time="8.245"/>
  <testcase classname="tests.Tests" name="CP007_TiendaOnlineSeleccionMediosDePago" time="6.408"/>
  <testcase classname="tests.Tests" name="CP008_TiendaOnlineSeleccionEspecificaciones" time="6.825"/>
  <testcase classname="tests.Tests" name="CP009_TiendaOnlineFiltroPrecio" time="7.344"/>
  <testcase classname="tests.Tests" name="CP010_BotonVolverATiendaOnline" time="6.74"/>
  <testcase classname="tests.Tests" name="CP011_TiendaOnlineCatalogoCompleto" time="4.479"/>
  <testcase classname="tests.Tests" name="CP012_TiendaOnlineFiltroPorMarca" time="6.517"/>
</testsuite> <!-- Test Curso Automatización -->
